TN:
SF:/Users/diogocezar/www/dctb-express-sequelize/src/app.js
FN:14,(anonymous_0)
FN:22,(anonymous_1)
FN:29,(anonymous_2)
FN:33,(anonymous_3)
FN:37,(anonymous_4)
FNF:5
FNH:5
FNDA:3,(anonymous_0)
FNDA:3,(anonymous_1)
FNDA:3,(anonymous_2)
FNDA:3,(anonymous_3)
FNDA:3,(anonymous_4)
DA:1,3
DA:5,3
DA:6,3
DA:7,3
DA:9,3
DA:10,3
DA:11,3
DA:15,3
DA:16,3
DA:17,3
DA:18,3
DA:19,3
DA:23,3
DA:24,3
DA:25,3
DA:26,3
DA:30,3
DA:34,3
DA:38,3
DA:42,3
LF:20
LH:20
BRDA:2,0,0,3
BRDA:2,0,1,0
BRF:2
BRH:1
end_of_record
TN:
SF:/Users/diogocezar/www/dctb-express-sequelize/src/config/database.js
FNF:0
FNH:0
DA:1,4
DA:5,4
LF:2
LH:2
BRDA:2,0,0,4
BRDA:2,0,1,0
BRF:2
BRH:1
end_of_record
TN:
SF:/Users/diogocezar/www/dctb-express-sequelize/src/config/swagger.js
FNF:0
FNH:0
DA:1,3
DA:3,3
LF:2
LH:2
BRDA:9,0,0,3
BRDA:9,0,1,0
BRF:2
BRH:1
end_of_record
TN:
SF:/Users/diogocezar/www/dctb-express-sequelize/src/controllers/PaymentLinksController.js
FN:4,(anonymous_0)
FNF:1
FNH:0
FNDA:0,(anonymous_0)
DA:1,3
DA:5,0
DA:6,0
DA:10,3
LF:4
LH:2
BRF:0
BRH:0
end_of_record
TN:
SF:/Users/diogocezar/www/dctb-express-sequelize/src/controllers/SessionController.js
FN:5,(anonymous_0)
FNF:1
FNH:1
FNDA:3,(anonymous_0)
DA:1,3
DA:2,3
DA:6,3
DA:7,3
DA:8,3
DA:9,3
DA:10,1
DA:12,2
DA:16,3
LF:9
LH:9
BRDA:8,0,0,0
BRDA:8,0,1,3
BRDA:9,1,0,1
BRDA:9,1,1,2
BRF:4
BRH:3
end_of_record
TN:
SF:/Users/diogocezar/www/dctb-express-sequelize/src/controllers/UserController.js
FN:7,(anonymous_0)
FN:33,(anonymous_1)
FN:45,(anonymous_2)
FNF:3
FNH:3
FNDA:3,(anonymous_0)
FNDA:4,(anonymous_1)
FNDA:1,(anonymous_2)
DA:1,3
DA:2,3
DA:3,3
DA:4,3
DA:8,3
DA:34,4
DA:35,4
DA:36,1
DA:37,1
DA:40,0
DA:42,4
DA:46,1
DA:47,1
DA:50,1
DA:51,1
DA:55,3
DA:56,3
LF:17
LH:16
BRDA:35,0,0,1
BRDA:35,0,1,3
BRDA:47,1,0,1
BRDA:47,1,1,0
BRF:4
BRH:3
end_of_record
TN:
SF:/Users/diogocezar/www/dctb-express-sequelize/src/helpers/ResponseHelper.js
FN:2,(anonymous_0)
FN:9,(anonymous_1)
FNF:2
FNH:2
FNDA:3,(anonymous_0)
FNDA:2,(anonymous_1)
DA:3,3
DA:10,2
DA:11,2
DA:12,2
DA:13,2
DA:14,2
DA:15,2
DA:16,2
DA:18,2
DA:22,3
LF:10
LH:10
BRDA:9,0,0,0
BRDA:14,1,0,2
BRDA:14,1,1,0
BRF:3
BRH:1
end_of_record
TN:
SF:/Users/diogocezar/www/dctb-express-sequelize/src/helpers/SwaggerHelper.js
FN:7,(anonymous_0)
FN:17,(anonymous_1)
FN:18,(anonymous_2)
FN:25,(anonymous_3)
FN:29,(anonymous_4)
FNF:5
FNH:4
FNDA:3,(anonymous_0)
FNDA:3,(anonymous_1)
FNDA:0,(anonymous_2)
FNDA:3,(anonymous_3)
FNDA:3,(anonymous_4)
DA:1,3
DA:2,3
DA:3,3
DA:4,3
DA:8,3
DA:9,3
DA:10,3
DA:14,3
DA:18,3
DA:19,0
DA:20,0
DA:21,0
DA:26,3
DA:30,3
DA:31,3
DA:35,3
LF:16
LH:13
BRF:0
BRH:0
end_of_record
TN:
SF:/Users/diogocezar/www/dctb-express-sequelize/src/helpers/ValidationHelper.js
FN:4,(anonymous_0)
FNF:1
FNH:1
FNDA:4,(anonymous_0)
DA:1,3
DA:5,4
DA:6,4
DA:7,3
DA:8,3
DA:9,3
DA:11,1
DA:15,3
LF:8
LH:8
BRDA:6,0,0,3
BRDA:6,0,1,1
BRF:2
BRH:2
end_of_record
TN:
SF:/Users/diogocezar/www/dctb-express-sequelize/src/middlewares/IdHashMiddleware.js
FN:4,(anonymous_0)
FN:5,(anonymous_1)
FNF:2
FNH:2
FNDA:3,(anonymous_0)
FNDA:12,(anonymous_1)
DA:1,3
DA:5,3
DA:6,12
DA:7,12
DA:8,1
DA:9,1
DA:10,1
DA:11,1
DA:12,1
DA:13,1
DA:14,1
DA:16,0
DA:19,12
DA:24,3
LF:14
LH:13
BRDA:7,0,0,1
BRDA:7,0,1,11
BRF:2
BRH:2
end_of_record
TN:
SF:/Users/diogocezar/www/dctb-express-sequelize/src/middlewares/JwtMiddleware.js
FN:5,(anonymous_0)
FN:6,(anonymous_1)
FNF:2
FNH:2
FNDA:3,(anonymous_0)
FNDA:8,(anonymous_1)
DA:1,3
DA:2,3
DA:6,3
DA:7,8
DA:8,3
DA:9,3
DA:10,1
DA:12,2
DA:13,2
DA:14,2
DA:15,1
DA:16,1
DA:18,1
DA:24,3
DA:25,3
DA:27,3
LF:16
LH:16
BRDA:7,0,0,5
BRDA:7,0,1,3
BRDA:9,1,0,1
BRDA:9,1,1,2
BRF:4
BRH:4
end_of_record
TN:
SF:/Users/diogocezar/www/dctb-express-sequelize/src/middlewares/LogMiddleware.js
FN:2,(anonymous_0)
FN:3,(anonymous_1)
FN:16,(anonymous_2)
FN:17,(anonymous_3)
FNF:4
FNH:4
FNDA:3,(anonymous_0)
FNDA:12,(anonymous_1)
FNDA:3,(anonymous_2)
FNDA:5,(anonymous_3)
DA:3,3
DA:4,12
DA:5,12
DA:6,12
DA:11,12
DA:12,12
DA:17,3
DA:18,5
DA:19,5
DA:20,5
DA:21,5
DA:27,5
DA:30,5
DA:35,3
DA:36,3
DA:37,3
DA:39,3
LF:17
LH:17
BRDA:27,0,0,5
BRDA:27,0,1,0
BRF:2
BRH:1
end_of_record
TN:
SF:/Users/diogocezar/www/dctb-express-sequelize/src/models/PaymentLinks.js
FN:9,(anonymous_0)
FNF:1
FNH:0
FNDA:0,(anonymous_0)
DA:1,0
DA:10,0
DA:97,0
LF:3
LH:0
BRF:0
BRH:0
end_of_record
TN:
SF:/Users/diogocezar/www/dctb-express-sequelize/src/models/User.js
FN:23,(anonymous_0)
FN:34,(anonymous_1)
FN:44,(anonymous_2)
FN:47,(anonymous_3)
FNF:4
FNH:4
FNDA:4,(anonymous_0)
FNDA:12,(anonymous_1)
FNDA:3,(anonymous_2)
FNDA:3,(anonymous_3)
DA:1,4
DA:2,4
DA:3,4
DA:24,4
DA:35,12
DA:36,12
DA:44,4
DA:45,3
DA:47,4
DA:48,3
DA:50,4
DA:54,4
LF:12
LH:12
BRDA:35,0,0,12
BRDA:35,0,1,0
BRF:2
BRH:1
end_of_record
TN:
SF:/Users/diogocezar/www/dctb-express-sequelize/src/models/index.js
FN:14,(anonymous_0)
FN:15,(anonymous_1)
FNF:2
FNH:1
FNDA:4,(anonymous_0)
FNDA:0,(anonymous_1)
DA:1,4
DA:2,4
DA:3,4
DA:6,4
DA:8,4
DA:13,4
DA:14,4
DA:15,0
DA:17,4
DA:22,4
LF:10
LH:9
BRF:0
BRH:0
end_of_record
TN:
SF:/Users/diogocezar/www/dctb-express-sequelize/src/routes/index.js
FN:11,(anonymous_0)
FN:19,(anonymous_1)
FN:73,(anonymous_2)
FN:77,(anonymous_3)
FN:80,(anonymous_4)
FNF:5
FNH:5
FNDA:3,(anonymous_0)
FNDA:3,(anonymous_1)
FNDA:1,(anonymous_2)
FNDA:1,(anonymous_3)
FNDA:3,(anonymous_4)
DA:1,3
DA:3,3
DA:5,3
DA:6,3
DA:7,3
DA:8,3
DA:12,3
DA:13,3
DA:44,3
DA:70,3
DA:71,3
DA:72,3
DA:73,3
DA:74,1
DA:76,3
DA:77,3
DA:81,3
DA:85,3
LF:18
LH:18
BRF:0
BRH:0
end_of_record
